-------------------------------------------------------------------------------
Test set: hello.HelloWorldConfigurationTests
-------------------------------------------------------------------------------
Tests run: 1, Failures: 0, Errors: 1, Skipped: 0, Time elapsed: 1.946 s <<< FAILURE! - in hello.HelloWorldConfigurationTests
testGreeting  Time elapsed: 0.001 s  <<< ERROR!
java.lang.IllegalStateException: Failed to load ApplicationContext
Caused by: org.springframework.beans.factory.UnsatisfiedDependencyException: Error creating bean with name 'org.springframework.boot.autoconfigure.web.servlet.WebMvcAutoConfiguration$EnableWebMvcConfiguration': Unsatisfied dependency expressed through method 'setConfigurers' parameter 0; nested exception is org.springframework.beans.factory.UnsatisfiedDependencyException: Error creating bean with name 'com.linecorp.bot.spring.boot.LineBotWebMvcConfigurer': Unsatisfied dependency expressed through field 'lineBotServerInterceptor'; nested exception is org.springframework.beans.factory.UnsatisfiedDependencyException: Error creating bean with name 'com.linecorp.bot.spring.boot.interceptor.LineBotServerInterceptor': Unsatisfied dependency expressed through field 'lineBotCallbackRequestParser'; nested exception is org.springframework.beans.factory.UnsatisfiedDependencyException: Error creating bean with name 'com.linecorp.bot.spring.boot.LineBotWebMvcBeans': Unsatisfied dependency expressed through field 'lineBotProperties'; nested exception is org.springframework.boot.context.properties.ConfigurationPropertiesBindException: Error creating bean with name 'line.bot-com.linecorp.bot.spring.boot.LineBotProperties': Could not bind properties to 'LineBotProperties' : prefix=line.bot, ignoreInvalidFields=false, ignoreUnknownFields=true; nested exception is org.springframework.boot.context.properties.bind.BindException: Failed to bind properties under 'line.bot' to com.linecorp.bot.spring.boot.LineBotProperties
Caused by: org.springframework.beans.factory.UnsatisfiedDependencyException: Error creating bean with name 'com.linecorp.bot.spring.boot.LineBotWebMvcConfigurer': Unsatisfied dependency expressed through field 'lineBotServerInterceptor'; nested exception is org.springframework.beans.factory.UnsatisfiedDependencyException: Error creating bean with name 'com.linecorp.bot.spring.boot.interceptor.LineBotServerInterceptor': Unsatisfied dependency expressed through field 'lineBotCallbackRequestParser'; nested exception is org.springframework.beans.factory.UnsatisfiedDependencyException: Error creating bean with name 'com.linecorp.bot.spring.boot.LineBotWebMvcBeans': Unsatisfied dependency expressed through field 'lineBotProperties'; nested exception is org.springframework.boot.context.properties.ConfigurationPropertiesBindException: Error creating bean with name 'line.bot-com.linecorp.bot.spring.boot.LineBotProperties': Could not bind properties to 'LineBotProperties' : prefix=line.bot, ignoreInvalidFields=false, ignoreUnknownFields=true; nested exception is org.springframework.boot.context.properties.bind.BindException: Failed to bind properties under 'line.bot' to com.linecorp.bot.spring.boot.LineBotProperties
Caused by: org.springframework.beans.factory.UnsatisfiedDependencyException: Error creating bean with name 'com.linecorp.bot.spring.boot.interceptor.LineBotServerInterceptor': Unsatisfied dependency expressed through field 'lineBotCallbackRequestParser'; nested exception is org.springframework.beans.factory.UnsatisfiedDependencyException: Error creating bean with name 'com.linecorp.bot.spring.boot.LineBotWebMvcBeans': Unsatisfied dependency expressed through field 'lineBotProperties'; nested exception is org.springframework.boot.context.properties.ConfigurationPropertiesBindException: Error creating bean with name 'line.bot-com.linecorp.bot.spring.boot.LineBotProperties': Could not bind properties to 'LineBotProperties' : prefix=line.bot, ignoreInvalidFields=false, ignoreUnknownFields=true; nested exception is org.springframework.boot.context.properties.bind.BindException: Failed to bind properties under 'line.bot' to com.linecorp.bot.spring.boot.LineBotProperties
Caused by: org.springframework.beans.factory.UnsatisfiedDependencyException: Error creating bean with name 'com.linecorp.bot.spring.boot.LineBotWebMvcBeans': Unsatisfied dependency expressed through field 'lineBotProperties'; nested exception is org.springframework.boot.context.properties.ConfigurationPropertiesBindException: Error creating bean with name 'line.bot-com.linecorp.bot.spring.boot.LineBotProperties': Could not bind properties to 'LineBotProperties' : prefix=line.bot, ignoreInvalidFields=false, ignoreUnknownFields=true; nested exception is org.springframework.boot.context.properties.bind.BindException: Failed to bind properties under 'line.bot' to com.linecorp.bot.spring.boot.LineBotProperties
Caused by: org.springframework.boot.context.properties.ConfigurationPropertiesBindException: Error creating bean with name 'line.bot-com.linecorp.bot.spring.boot.LineBotProperties': Could not bind properties to 'LineBotProperties' : prefix=line.bot, ignoreInvalidFields=false, ignoreUnknownFields=true; nested exception is org.springframework.boot.context.properties.bind.BindException: Failed to bind properties under 'line.bot' to com.linecorp.bot.spring.boot.LineBotProperties
Caused by: org.springframework.boot.context.properties.bind.BindException: Failed to bind properties under 'line.bot' to com.linecorp.bot.spring.boot.LineBotProperties
Caused by: org.springframework.boot.context.properties.bind.validation.BindValidationException: 
Binding validation errors on line.bot
   - Error in object 'line.bot': codes [ValidBotProperties.line.bot,ValidBotProperties]; arguments [org.springframework.context.support.DefaultMessageSourceResolvable: codes [line.bot.,]; arguments []; default message []]; default message []
   - Field error in object 'line.bot' on field 'channelSecret': rejected value [null]; codes [NotNull.line.bot.channelSecret,NotNull.channelSecret,NotNull]; arguments [org.springframework.context.support.DefaultMessageSourceResolvable: codes [line.bot.channelSecret,channelSecret]; arguments []; default message [channelSecret]]; default message [must not be null]
   - Field error in object 'line.bot' on field 'channelToken': rejected value [null]; codes [ValidBotProperties.line.bot.channelToken,ValidBotProperties.channelToken,ValidBotProperties]; arguments [org.springframework.context.support.DefaultMessageSourceResolvable: codes [line.bot.channelToken,channelToken]; arguments []; default message [channelToken]]; default message [channelToken is null]

